<?xml version="1.0" encoding="UTF-8"?>
<!-- Generated by org.testng.reporters.JUnitReportReporter -->
<testsuite hostname="acer" failures="0" tests="4" name="runners.TestRunner" time="53.864" errors="0" timestamp="2025-01-23T22:25:34 IST" skipped="0">
  <testcase classname="runners.TestRunner" name="runScenario" time="16.458"/>
  <system-out/>
  <testcase classname="runners.TestRunner" name="runScenario" time="9.018"/>
  <system-out/>
  <testcase classname="runners.TestRunner" name="runScenario" time="15.322"/>
  <system-out/>
  <testcase classname="runners.TestRunner" name="runScenario" time="13.066"/>
  <system-out/>
</testsuite> <!-- runners.TestRunner -->
